<?xml version="1.0" encoding="UTF-8"?>
<!-- Generated by org.testng.reporters.JUnitReportReporter -->
<testsuite hostname="L10IS-DEV1302" failures="0" tests="2" name="utils.ExcelDataprovider" time="0.010" errors="0" timestamp="2020-10-07T13:30:05 PDT" skipped="0">
  <testcase classname="utils.ExcelDataprovider" name="test1" time="0.008"/>
  <system-out/>
  <testcase classname="utils.ExcelDataprovider" name="test1" time="0.002"/>
  <system-out/>
</testsuite> <!-- utils.ExcelDataprovider -->
