<?xml version="1.0" encoding="UTF-8"?>
<!-- Generated by org.testng.reporters.JUnitReportReporter -->
<testsuite hostname="L10IS-DEV1302" failures="0" tests="1" name="test.TestNG_Demo" time="1.986" errors="0" timestamp="2020-10-06T12:55:09 PDT" skipped="0">
  <testcase classname="test.TestNG_Demo" name="googleSearch" time="1.986"/>
  <system-out/>
</testsuite> <!-- test.TestNG_Demo -->
