<?xml version="1.0" encoding="UTF-8"?>
<!-- Generated by org.testng.reporters.JUnitReportReporter -->
<testsuite hostname="L10IS-DEV1302" failures="0" tests="2" name="test.TestNG_Demo2" time="3.684" errors="0" timestamp="2020-09-23T17:20:45 PDT" skipped="0">
  <testcase classname="test.TestNG_Demo2" name="googleSearch3" time="1.509"/>
  <system-out/>
  <testcase classname="test.TestNG_Demo2" name="googleSearch2" time="2.175"/>
  <system-out/>
</testsuite> <!-- test.TestNG_Demo2 -->
