<?xml version="1.0" encoding="UTF-8"?>
<!-- Generated by org.testng.reporters.JUnitReportReporter -->
<testsuite hostname="L10IS-DEV1302" failures="0" tests="4" name="demo.TestNGPriorityDemo" time="0.016" errors="0" timestamp="2020-10-07T14:30:32 PDT" skipped="0">
  <testcase classname="demo.TestNGPriorityDemo" name="test3" time="0.012"/>
  <system-out/>
  <testcase classname="demo.TestNGPriorityDemo" name="test4" time="0.001"/>
  <system-out/>
  <testcase classname="demo.TestNGPriorityDemo" name="test2" time="0.001"/>
  <system-out/>
  <testcase classname="demo.TestNGPriorityDemo" name="test1" time="0.002"/>
  <system-out/>
</testsuite> <!-- demo.TestNGPriorityDemo -->
